Fri 10 Jan 2020 14:38:26 AEDT /Users/mikkel/back2bikes/attendance/deploy/pa-staging deploy 1.2.0
Fri 10 Jan 2020 15:00:54 AEDT /Users/mikkel/back2bikes/attendance/deploy/pa-staging reconfig 1.2.0
Thu 27 Feb 2020 20:29:20 AEDT /Users/mikkel/back2bikes/attendance/deploy/pa-staging deploy master https://pa-staging.back2bikes.com.au 1.2.0
Thu 27 Feb 2020 20:41:38 AEDT /Users/mikkel/back2bikes/attendance/deploy/pa-staging reconfig master https://pa-staging.back2bikes.com.au 1.2.0
Thu 27 Feb 2020 21:45:34 AEDT /Users/mikkel/back2bikes/attendance/deploy/pa-staging deploy 1.2.0
Thu 27 Feb 2020 21:53:16 AEDT /Users/mikkel/back2bikes/attendance/deploy/pa-staging reconfig 1.2.0
Thu 27 Feb 2020 21:59:20 AEDT /Users/mikkel/back2bikes/attendance/deploy/pa-staging deploy 1.2.0
Thu 27 Feb 2020 22:13:03 AEDT /Users/mikkel/back2bikes/attendance/deploy/pa-staging deploy 1.2.0
Wed 4 Mar 2020 19:53:20 AEDT /Users/mikkel/back2bikes/attendance/deploy/pa-staging reconfig master https://pa-staging.back2bikes.com.au 1.2.0
Wed 4 Mar 2020 19:55:51 AEDT /Users/mikkel/back2bikes/attendance/deploy/pa-staging deploy master https://pa-staging.back2bikes.com.au 1.2.1
Wed 4 Mar 2020 20:14:45 AEDT /Users/mikkel/back2bikes/attendance/deploy/pa-staging deploy master https://pa-staging.back2bikes.com.au 1.2.1
Wed 4 Mar 2020 20:30:26 AEDT /Users/mikkel/back2bikes/attendance/deploy/pa-staging deploy master https://pa-staging.back2bikes.com.au 1.2.1
Wed 4 Mar 2020 20:37:52 AEDT /Users/mikkel/back2bikes/attendance/deploy/pa-staging reconfig master https://pa-staging.back2bikes.com.au 1.2.1
Fri 6 Mar 2020 21:33:46 AEDT /Users/mikkel/back2bikes/attendance/deploy/pa-staging deploy master https://pa-staging.back2bikes.com.au 1.2.1
Fri 6 Mar 2020 21:43:27 AEDT /Users/mikkel/back2bikes/attendance/deploy/pa-staging reconfig master https://pa-staging.back2bikes.com.au 1.2.1
Fri 6 Mar 2020 21:45:12 AEDT /Users/mikkel/back2bikes/attendance/deploy/pa-staging reconfig master https://pa-staging.back2bikes.com.au 1.2.1
Fri 6 Mar 2020 21:49:41 AEDT /Users/mikkel/back2bikes/attendance/deploy/pa-staging deploy master https://pa-staging.back2bikes.com.au 1.2.1
Fri 6 Mar 2020 22:01:25 AEDT /Users/mikkel/back2bikes/attendance/deploy/pa-staging deploy master https://pa-staging.back2bikes.com.au 1.2.1
Fri 6 Mar 2020 22:10:35 AEDT /Users/mikkel/back2bikes/attendance/deploy/pa-staging reconfig master https://pa-staging.back2bikes.com.au 1.2.1
Mon 9 Mar 2020 21:48:38 AEDT /Users/mikkel/back2bikes/attendance/deploy/pa-staging deploy master https://pa-staging.back2bikes.com.au 1.2.1
Tue 10 Mar 2020 06:28:34 AEDT /Users/mikkel/back2bikes/attendance/deploy/pa-staging reconfig master https://pa-staging.back2bikes.com.au 1.2.1
Wed 11 Mar 2020 18:20:13 AEDT /Users/mikkel/back2bikes/attendance/deploy/b2b-prod reconfig master https://app.back2bikes.com.au 1.2.1
Sat 14 Mar 2020 18:16:28 AEDT /Users/mikkel/back2bikes/attendance/deploy/b2b-staging reconfig master https://staging.back2bikes.com.au 1.2.4
Sat 14 Mar 2020 18:17:05 AEDT /Users/mikkel/back2bikes/attendance/deploy/b2b-staging deploy master https://staging.back2bikes.com.au 1.2.4
Sat 14 Mar 2020 18:28:05 AEDT /Users/mikkel/back2bikes/attendance/deploy/b2b-staging reconfig master https://staging.back2bikes.com.au 1.2.4
Sat 21 Mar 2020 13:28:07 AEDT /Users/mikkel/back2bikes/attendance/deploy/b2b-staging deploy master https://staging.back2bikes.com.au 1.2.4
Sat 21 Mar 2020 13:38:38 AEDT /Users/mikkel/back2bikes/attendance/deploy/b2b-staging reconfig master https://staging.back2bikes.com.au 1.2.4
Sat 21 Mar 2020 13:42:06 AEDT /Users/mikkel/back2bikes/attendance/deploy/b2b-staging reconfig master https://staging.back2bikes.com.au 1.2.4
Sat 21 Mar 2020 13:44:46 AEDT /Users/mikkel/back2bikes/attendance/deploy/b2b-staging reconfig master https://staging.back2bikes.com.au 1.2.4
Sat 21 Mar 2020 22:44:03 AEDT /Users/mikkel/back2bikes/attendance/deploy/b2b-staging deploy master https://staging.back2bikes.com.au 1.2.4
Sat 21 Mar 2020 22:46:56 AEDT /Users/mikkel/back2bikes/attendance/deploy/b2b-staging deploy master https://staging.back2bikes.com.au 1.2.4
Sat 21 Mar 2020 22:56:17 AEDT /Users/mikkel/back2bikes/attendance/deploy/b2b-staging reconfig master https://staging.back2bikes.com.au 1.2.4
Sun 22 Mar 2020 14:25:59 AEDT /Users/mikkel/back2bikes/attendance/deploy/b2b-staging deploy master https://staging.back2bikes.com.au 1.2.4
Sun 22 Mar 2020 14:26:42 AEDT /Users/mikkel/back2bikes/attendance/deploy/b2b-staging deploy master https://staging.back2bikes.com.au 1.2.4
Sun 22 Mar 2020 14:36:03 AEDT /Users/mikkel/back2bikes/attendance/deploy/b2b-staging reconfig master https://staging.back2bikes.com.au 1.2.4
Mon 23 Mar 2020 12:19:12 AEDT /Users/mikkel/back2bikes/attendance/deploy/b2b-prod reconfig master https://app.back2bikes.com.au 1.2.4
Mon 23 Mar 2020 12:20:08 AEDT /Users/mikkel/back2bikes/attendance/deploy/b2b-prod reconfig master https://app.back2bikes.com.au 1.2.4
Mon 23 Mar 2020 12:22:40 AEDT /Users/mikkel/back2bikes/attendance/deploy/b2b-prod deploy master https://app.back2bikes.com.au 1.2.4
Mon 23 Mar 2020 12:31:34 AEDT /Users/mikkel/back2bikes/attendance/deploy/b2b-prod reconfig master https://app.back2bikes.com.au 1.2.4
Tue 24 Mar 2020 06:54:04 AEDT /Users/mikkel/back2bikes/attendance/deploy/b2b-prod deploy master https://app.back2bikes.com.au 1.2.4
Tue 24 Mar 2020 07:14:16 AEDT /Users/mikkel/back2bikes/attendance/deploy/b2b-prod deploy master https://app.back2bikes.com.au 1.2.4
Tue 24 Mar 2020 07:23:32 AEDT /Users/mikkel/back2bikes/attendance/deploy/b2b-prod reconfig master https://app.back2bikes.com.au 1.2.4
Tue 24 Mar 2020 12:22:57 AEDT /Users/mikkel/back2bikes/attendance/deploy/b2b-staging deploy master https://staging.back2bikes.com.au 1.2.5
Tue 24 Mar 2020 12:24:54 AEDT /Users/mikkel/back2bikes/attendance/deploy/b2b-staging deploy master https://staging.back2bikes.com.au 1.2.5
Tue 24 Mar 2020 13:09:07 AEDT /Users/mikkel/back2bikes/attendance/deploy/b2b-staging reconfig develop https://staging.back2bikes.com.au 1.2.5
Thu 26 Mar 2020 13:58:07 AEDT /Users/mikkel/back2bikes/attendance/deploy/b2b-staging deploy pinpayments-report https://staging.back2bikes.com.au 1.2.5
Thu 26 Mar 2020 14:11:17 AEDT /Users/mikkel/back2bikes/attendance/deploy/b2b-staging deploy pinpayments-report https://staging.back2bikes.com.au 1.2.5
Thu 26 Mar 2020 14:17:38 AEDT /Users/mikkel/back2bikes/attendance/deploy/b2b-staging reconfig pinpayments-report https://staging.back2bikes.com.au 1.2.5
Thu 26 Mar 2020 14:25:36 AEDT /Users/mikkel/back2bikes/attendance/deploy/b2b-prod deploy pinpayments-report https://app.back2bikes.com.au 1.2.5
Thu 26 Mar 2020 14:42:16 AEDT /Users/mikkel/back2bikes/attendance/deploy/b2b-prod deploy pinpayments-report https://app.back2bikes.com.au 1.2.5
